2021-05-19 18:20:01 INFO  paywallsteps:45 - Sign In Button is Visible
2021-05-19 18:20:01 INFO  paywallsteps:51 - CoinsButton is Visible
2021-05-19 18:20:01 INFO  paywallsteps:68 - Title is visible
2021-05-19 18:20:01 INFO  paywallsteps:57 - Home Page Banners is visible
2021-05-19 18:20:01 INFO  paywallsteps:63 - Welcome Content is Visible
2021-05-19 18:20:01 INFO  paywallsteps:74 - FooterSection is Visible
2021-05-19 18:20:01 INFO  paywallsteps:80 - HeadderLogo is Visible
2021-05-19 18:20:12 INFO  paywallsteps:86 - Jigarthanda
2021-05-19 18:20:16 INFO  paywallsteps:89 - Jigarthanda
2021-05-19 18:20:23 INFO  homepage:65 - Sent Text in the Home Page is Talent
2021-05-19 18:20:25 INFO  homepage:71 - The Auto suggestive dropdown shows:Talent
2021-05-19 18:20:27 INFO  paywallsteps:97 - Page Redirected to the  Talent detail page
2021-05-19 18:20:28 INFO  paywallsteps:99 - Clicked on the watch list button
2021-05-19 18:20:28 INFO  paywallsteps:100 - Step Passed
2021-05-19 18:20:28 INFO  paywallsteps:106 - Signin popup is displayed
2021-05-19 18:20:28 INFO  paywallsteps:108 - Want to save & watch later?
2021-05-19 18:20:28 INFO  paywallsteps:110 - Sign In to save this video & watch again later
2021-05-19 18:20:28 INFO  paywallsteps:111 - Step Passed
2021-05-19 18:20:28 INFO  paywallsteps:116 - Clicked on Signin Button
2021-05-19 18:20:29 INFO  paywallsteps:119 - Its redirected to the Login page and Step Passed
2021-05-19 18:20:29 INFO  paywallsteps:120 - Step Passed
2021-05-19 18:20:32 INFO  paywallsteps:130 - Clicked on the watch list button
2021-05-19 18:20:32 INFO  paywallsteps:131 - Step Passed
2021-05-19 18:20:32 INFO  paywallsteps:106 - Signin popup is displayed
2021-05-19 18:20:32 INFO  paywallsteps:108 - Want to save & watch later?
2021-05-19 18:20:32 INFO  paywallsteps:110 - Sign In to save this video & watch again later
2021-05-19 18:20:32 INFO  paywallsteps:111 - Step Passed
2021-05-19 18:20:33 INFO  paywallsteps:116 - Clicked on Signin Button
2021-05-19 18:20:33 INFO  paywallsteps:119 - Its redirected to the Login page and Step Passed
2021-05-19 18:20:33 INFO  paywallsteps:120 - Step Passed
2021-05-19 18:20:40 INFO  homepage:65 - Sent Text in the Home Page is Check Transacode
2021-05-19 18:20:42 INFO  homepage:71 - The Auto suggestive dropdown shows:Check Transacode
2021-05-19 18:20:43 INFO  paywallsteps:138 - Page Redirected to the  Check Transacode detail page
2021-05-19 18:20:44 INFO  paywallsteps:140 - Clicked on Watch Free button
2021-05-19 18:20:44 INFO  paywallsteps:141 - Step Passed
2021-05-19 18:20:45 INFO  paywallsteps:147 - Please login to continue
2021-05-19 18:20:45 INFO  paywallsteps:151 - Step Passed
2021-05-19 18:20:50 INFO  paywallsteps:159 - Please login to continue
2021-05-19 18:20:50 INFO  paywallsteps:163 - Step Passed
2021-05-19 18:20:57 INFO  homepage:65 - Sent Text in the Home Page is Talent
2021-05-19 18:20:59 INFO  homepage:71 - The Auto suggestive dropdown shows:Talent
2021-05-19 18:21:01 INFO  paywallsteps:170 - Page Redirected to the  Talent detail page
2021-05-19 18:21:02 INFO  paywallsteps:172 - Clicked on Buy Button
2021-05-19 18:21:02 INFO  paywallsteps:173 - Step Passed
2021-05-19 18:21:03 INFO  paywallsteps:147 - Please login to continue
2021-05-19 18:21:03 INFO  paywallsteps:151 - Step Passed
2021-05-19 18:21:08 INFO  paywallsteps:182 - Please login to continue
2021-05-19 18:21:08 INFO  paywallsteps:186 - Step Passed
2021-05-19 18:21:19 INFO  homepage:65 - Sent Text in the Home Page is Talent
2021-05-19 18:21:21 INFO  homepage:71 - The Auto suggestive dropdown shows:Talent
2021-05-19 18:21:31 INFO  paywallsteps:193 - Page Redirected to the  Talent detail page
2021-05-19 18:21:32 INFO  paywallsteps:197 - Clicked on Episode card
2021-05-19 18:22:46 INFO  paywallsteps:45 - Sign In Button is Visible
2021-05-19 18:22:46 INFO  paywallsteps:51 - CoinsButton is Visible
2021-05-19 18:22:46 INFO  paywallsteps:68 - Title is visible
2021-05-19 18:22:46 INFO  paywallsteps:57 - Home Page Banners is visible
2021-05-19 18:22:46 INFO  paywallsteps:63 - Welcome Content is Visible
2021-05-19 18:22:46 INFO  paywallsteps:74 - FooterSection is Visible
2021-05-19 18:22:46 INFO  paywallsteps:80 - HeadderLogo is Visible
2021-05-19 18:22:57 INFO  paywallsteps:86 - Jigarthanda
2021-05-19 18:22:58 INFO  paywallsteps:89 - Jigarthanda
2021-05-19 18:23:06 INFO  homepage:65 - Sent Text in the Home Page is Talent
2021-05-19 18:23:08 INFO  homepage:71 - The Auto suggestive dropdown shows:Talent
2021-05-19 18:23:10 INFO  paywallsteps:97 - Page Redirected to the  Talent detail page
2021-05-19 18:23:10 INFO  paywallsteps:99 - Clicked on the watch list button
2021-05-19 18:23:10 INFO  paywallsteps:100 - Step Passed
2021-05-19 18:23:11 INFO  paywallsteps:106 - Signin popup is displayed
2021-05-19 18:23:11 INFO  paywallsteps:108 - Want to save & watch later?
2021-05-19 18:23:11 INFO  paywallsteps:110 - Sign In to save this video & watch again later
2021-05-19 18:23:11 INFO  paywallsteps:111 - Step Passed
2021-05-19 18:23:11 INFO  paywallsteps:116 - Clicked on Signin Button
2021-05-19 18:23:12 INFO  paywallsteps:119 - Its redirected to the Login page and Step Passed
2021-05-19 18:23:12 INFO  paywallsteps:120 - Step Passed
2021-05-19 18:23:15 INFO  paywallsteps:130 - Clicked on the watch list button
2021-05-19 18:23:15 INFO  paywallsteps:131 - Step Passed
2021-05-19 18:23:15 INFO  paywallsteps:106 - Signin popup is displayed
2021-05-19 18:23:15 INFO  paywallsteps:108 - Want to save & watch later?
2021-05-19 18:23:15 INFO  paywallsteps:110 - Sign In to save this video & watch again later
2021-05-19 18:23:15 INFO  paywallsteps:111 - Step Passed
2021-05-19 18:23:15 INFO  paywallsteps:116 - Clicked on Signin Button
2021-05-19 18:23:16 INFO  paywallsteps:119 - Its redirected to the Login page and Step Passed
2021-05-19 18:23:16 INFO  paywallsteps:120 - Step Passed
2021-05-19 18:23:24 INFO  homepage:65 - Sent Text in the Home Page is Check Transacode
2021-05-19 18:23:27 INFO  homepage:71 - The Auto suggestive dropdown shows:Check Transacode
2021-05-19 18:23:28 INFO  paywallsteps:138 - Page Redirected to the  Check Transacode detail page
2021-05-19 18:23:28 INFO  paywallsteps:140 - Clicked on Watch Free button
2021-05-19 18:23:28 INFO  paywallsteps:141 - Step Passed
2021-05-19 18:23:29 INFO  paywallsteps:147 - Please login to continue
2021-05-19 18:23:29 INFO  paywallsteps:151 - Step Passed
2021-05-19 18:23:35 INFO  paywallsteps:159 - Please login to continue
2021-05-19 18:23:35 INFO  paywallsteps:163 - Step Passed
2021-05-19 18:23:46 INFO  homepage:65 - Sent Text in the Home Page is Talent
2021-05-19 18:23:49 INFO  homepage:71 - The Auto suggestive dropdown shows:Talent
2021-05-19 18:23:51 INFO  paywallsteps:170 - Page Redirected to the  Talent detail page
2021-05-19 18:23:51 INFO  paywallsteps:172 - Clicked on Buy Button
2021-05-19 18:23:51 INFO  paywallsteps:173 - Step Passed
2021-05-19 18:23:52 INFO  paywallsteps:147 - Please login to continue
2021-05-19 18:23:53 INFO  paywallsteps:151 - Step Passed
2021-05-19 18:23:58 INFO  paywallsteps:182 - Please login to continue
2021-05-19 18:23:58 INFO  paywallsteps:186 - Step Passed
2021-05-19 18:24:06 INFO  homepage:65 - Sent Text in the Home Page is Talent
2021-05-19 18:24:08 INFO  homepage:71 - The Auto suggestive dropdown shows:Talent
2021-05-19 18:24:10 INFO  paywallsteps:193 - Page Redirected to the  Talent detail page
2021-05-19 18:24:11 INFO  paywallsteps:197 - Clicked on Episode card
2021-05-19 18:24:12 INFO  paywallsteps:147 - Please login to continue
2021-05-19 18:24:12 INFO  paywallsteps:151 - Step Passed
2021-05-19 18:24:12 INFO  paywallsteps:216 - Clicked on Back Button
2021-05-19 18:24:14 INFO  paywallsteps:220 - Click on Season dropdown button
2021-05-19 18:24:15 INFO  paywallsteps:229 - Step Passed
2021-05-19 18:24:15 INFO  paywallsteps:206 - Please login to continue
2021-05-19 18:24:15 INFO  paywallsteps:210 - Step Passed
2021-05-19 18:24:22 INFO  homepage:65 - Sent Text in the Home Page is Talent
2021-05-19 18:24:25 INFO  homepage:71 - The Auto suggestive dropdown shows:Talent
2021-05-19 18:24:26 INFO  paywallsteps:269 - Page Redirected to the  Talent detail page
2021-05-19 18:24:27 INFO  paywallsteps:271 - Cliked on Full Episodes Link
2021-05-19 18:24:28 INFO  paywallsteps:147 - Please login to continue
2021-05-19 18:24:28 INFO  paywallsteps:151 - Step Passed
2021-05-19 18:24:28 INFO  paywallsteps:279 - Click on Season dropdown button
2021-05-19 18:24:29 INFO  paywallsteps:289 - Step Passed
2021-05-19 18:24:29 INFO  paywallsteps:147 - Please login to continue
2021-05-19 18:24:29 INFO  paywallsteps:151 - Step Passed
2021-05-19 18:24:37 INFO  homepage:65 - Sent Text in the Home Page is Talent
2021-05-19 18:24:40 INFO  homepage:71 - The Auto suggestive dropdown shows:Talent
2021-05-19 18:24:41 INFO  paywallsteps:237 - Page Redirected to the  Talent detail page
2021-05-19 18:24:42 INFO  paywallsteps:240 - Clicked on Promo Card
2021-05-19 18:24:42 INFO  paywallsteps:241 - Step Passed
2021-05-19 18:24:46 INFO  paywallsteps:250 - Hover on Player
2021-05-19 18:24:47 INFO  paywallsteps:252 - Clicked on Gud Icon
2021-05-19 18:24:47 INFO  paywallsteps:253 - Step Passed
2021-05-19 18:24:47 INFO  paywallsteps:259 - Like this Promo?
2021-05-19 18:24:47 INFO  paywallsteps:261 - Sign in now to rate this promo 'Gud'
2021-05-19 18:24:47 INFO  paywallsteps:116 - Clicked on Signin Button
2021-05-19 18:24:47 INFO  paywallsteps:119 - Its redirected to the Login page and Step Passed
2021-05-19 18:24:47 INFO  paywallsteps:120 - Step Passed
2021-05-19 18:24:51 INFO  paywallsteps:320 - Hover on Player
2021-05-19 18:24:52 INFO  paywallsteps:323 - Clicked on Gud Icon
2021-05-19 18:24:52 INFO  paywallsteps:325 - Like this Promo?
2021-05-19 18:24:52 INFO  paywallsteps:327 - Sign in now to rate this promo 'Gud'
2021-05-19 18:24:52 INFO  paywallsteps:330 - Clicked on Signin Button
2021-05-19 18:24:52 INFO  paywallsteps:333 - Step Passed
2021-05-19 18:24:59 INFO  homepage:65 - Sent Text in the Home Page is Talent
2021-05-19 18:25:02 INFO  homepage:71 - The Auto suggestive dropdown shows:Talent
2021-05-19 18:25:04 INFO  paywallsteps:296 - Page Redirected to the  Talent detail page
2021-05-19 18:25:05 INFO  paywallsteps:298 - Clicked on first song:01 - Bhoom Bhaddhal
2021-05-19 18:25:06 INFO  paywallsteps:301 - Step Passed
2021-05-19 18:25:06 INFO  paywallsteps:306 - Clicked On Audio Fav Icon
2021-05-19 18:25:06 INFO  paywallsteps:309 - Like this Audio?
2021-05-19 18:25:06 INFO  paywallsteps:311 - Sign in now to mark this audio as favourite.
2021-05-19 18:25:07 INFO  paywallsteps:116 - Clicked on Signin Button
2021-05-19 18:25:07 INFO  paywallsteps:119 - Its redirected to the Login page and Step Passed
2021-05-19 18:25:07 INFO  paywallsteps:120 - Step Passed
2021-05-19 18:25:15 INFO  homepage:65 - Sent Text in the Home Page is Talent
2021-05-19 18:25:18 INFO  homepage:71 - The Auto suggestive dropdown shows:Talent
2021-05-19 18:25:19 INFO  paywallsteps:340 - Page Redirected to the  Talent detail page
2021-05-19 18:25:20 INFO  paywallsteps:342 - Clicked on Feelers text
2021-05-19 18:25:21 INFO  paywallsteps:349 - Signin popup is displayed
2021-05-19 18:25:21 INFO  paywallsteps:351 - Want to see Feelers?
2021-05-19 18:25:21 INFO  paywallsteps:353 - Sign in to see the feelers reacted by your friends
2021-05-19 18:25:21 INFO  paywallsteps:354 - Step Passed
2021-05-19 18:25:21 INFO  paywallsteps:116 - Clicked on Signin Button
2021-05-19 18:25:22 INFO  paywallsteps:119 - Its redirected to the Login page and Step Passed
2021-05-19 18:25:22 INFO  paywallsteps:120 - Step Passed
2021-05-19 18:25:33 INFO  homepage:65 - Sent Text in the Home Page is Sameer
2021-05-19 18:25:36 INFO  homepage:71 - The Auto suggestive dropdown shows:Sameer2
2021-05-19 18:25:36 INFO  homepage:71 - The Auto suggestive dropdown shows:Sameer'S
2021-05-19 18:25:36 INFO  homepage:71 - The Auto suggestive dropdown shows:Sameer Smart
2021-05-19 18:25:36 INFO  homepage:71 - The Auto suggestive dropdown shows:Sameer
2021-05-19 18:25:39 INFO  paywallsteps:361 - Page Redirected to the  Sameer detail page
2021-05-19 18:25:40 INFO  paywallsteps:363 - Clicked on the follow button button
2021-05-19 18:25:40 INFO  paywallsteps:364 - Step Passed
2021-05-19 18:25:40 INFO  paywallsteps:371 - Signin popup is displayed
2021-05-19 18:25:40 INFO  paywallsteps:373 - Follow this Studio?
2021-05-19 18:25:40 INFO  paywallsteps:375 - Sign In to follow this studio & enter into the world of entertainment
2021-05-19 18:25:40 INFO  paywallsteps:376 - Step Passed
2021-05-19 18:25:40 INFO  paywallsteps:116 - Clicked on Signin Button
2021-05-19 18:25:40 INFO  paywallsteps:119 - Its redirected to the Login page and Step Passed
2021-05-19 18:25:40 INFO  paywallsteps:120 - Step Passed
2021-05-19 18:25:40 INFO  paywallsteps:381 - Clicked back to studio detailpage
2021-05-19 18:25:47 INFO  paywallsteps:384 - Clicked on follow button
2021-05-19 18:25:47 INFO  paywallsteps:116 - Clicked on Signin Button
2021-05-19 18:25:47 INFO  paywallsteps:119 - Its redirected to the Login page and Step Passed
2021-05-19 18:25:47 INFO  paywallsteps:120 - Step Passed
2021-05-19 18:25:55 INFO  homepage:65 - Sent Text in the Home Page is Sameer
2021-05-19 18:25:58 INFO  homepage:71 - The Auto suggestive dropdown shows:Sameer2
2021-05-19 18:25:58 INFO  homepage:71 - The Auto suggestive dropdown shows:Sameer'S
2021-05-19 18:25:58 INFO  homepage:71 - The Auto suggestive dropdown shows:Sameer Smart
2021-05-19 18:25:58 INFO  homepage:71 - The Auto suggestive dropdown shows:Sameer
2021-05-19 18:26:01 INFO  paywallsteps:391 - Page Redirected to the  Sameer detail page
2021-05-19 18:26:01 INFO  paywallsteps:106 - Signin popup is displayed
2021-05-19 18:26:01 INFO  paywallsteps:108 - Want to save & watch later?
2021-05-19 18:26:01 INFO  paywallsteps:110 - Sign In to save this video & watch again later
2021-05-19 18:26:01 INFO  paywallsteps:111 - Step Passed
2021-05-19 18:26:02 INFO  paywallsteps:116 - Clicked on Signin Button
2021-05-19 18:26:02 INFO  paywallsteps:119 - Its redirected to the Login page and Step Passed
2021-05-19 18:26:02 INFO  paywallsteps:120 - Step Passed
2021-05-19 18:26:10 INFO  homepage:65 - Sent Text in the Home Page is Sameer
2021-05-19 18:26:13 INFO  homepage:71 - The Auto suggestive dropdown shows:Sameer2
2021-05-19 18:26:13 INFO  homepage:71 - The Auto suggestive dropdown shows:Sameer'S
2021-05-19 18:26:13 INFO  homepage:71 - The Auto suggestive dropdown shows:Sameer Smart
2021-05-19 18:26:13 INFO  homepage:71 - The Auto suggestive dropdown shows:Sameer
2021-05-19 18:26:16 INFO  paywallsteps:401 - Page Redirected to the  Sameer detail page
2021-05-19 18:26:21 INFO  paywallsteps:306 - Clicked On Audio Fav Icon
2021-05-19 18:26:21 INFO  paywallsteps:309 - Like this Audio?
2021-05-19 18:26:21 INFO  paywallsteps:311 - Sign in now to mark this audio as favourite.
2021-05-19 18:26:22 INFO  paywallsteps:116 - Clicked on Signin Button
2021-05-19 18:26:22 INFO  paywallsteps:119 - Its redirected to the Login page and Step Passed
2021-05-19 18:26:22 INFO  paywallsteps:120 - Step Passed
2021-05-19 18:26:37 INFO  homepage:65 - Sent Text in the Home Page is Sameer
2021-05-19 18:26:40 INFO  homepage:71 - The Auto suggestive dropdown shows:Sameer2
2021-05-19 18:26:40 INFO  homepage:71 - The Auto suggestive dropdown shows:Sameer'S
2021-05-19 18:26:40 INFO  homepage:71 - The Auto suggestive dropdown shows:Sameer Smart
2021-05-19 18:26:40 INFO  homepage:71 - The Auto suggestive dropdown shows:Sameer
2021-05-19 18:26:43 INFO  paywallsteps:412 - Page Redirected to the  Sameer detail page
2021-05-19 18:26:45 INFO  paywallsteps:415 - Clicked on shoname in studio banner
2021-05-19 18:26:46 INFO  paywallsteps:421 - Page Redirected to the  Test detail page
2021-05-19 18:26:46 INFO  paywallsteps:422 - Step Passed
2021-05-19 18:26:53 INFO  homepage:65 - Sent Text in the Home Page is Sameer
2021-05-19 18:26:56 INFO  homepage:71 - The Auto suggestive dropdown shows:Sameer2
2021-05-19 18:26:56 INFO  homepage:71 - The Auto suggestive dropdown shows:Sameer'S
2021-05-19 18:26:56 INFO  homepage:71 - The Auto suggestive dropdown shows:Sameer Smart
2021-05-19 18:26:56 INFO  homepage:71 - The Auto suggestive dropdown shows:Sameer
2021-05-19 18:26:59 INFO  paywallsteps:430 - Page Redirected to the  Sameer detail page
2021-05-19 18:27:01 INFO  paywallsteps:433 - Clicked on Playtrailer in studio banner
2021-05-19 18:27:05 INFO  paywallsteps:442 - Hover on Player
2021-05-19 18:27:05 INFO  paywallsteps:445 - videoplayer closed
2021-05-19 18:27:06 INFO  paywallsteps:448 - Page Redirected to the  Test detail page
2021-05-19 18:27:06 INFO  paywallsteps:449 - Step Passed
2021-05-19 18:27:13 INFO  homepage:65 - Sent Text in the Home Page is Sameer
2021-05-19 18:27:16 INFO  homepage:71 - The Auto suggestive dropdown shows:Sameer2
2021-05-19 18:27:16 INFO  homepage:71 - The Auto suggestive dropdown shows:Sameer'S
2021-05-19 18:27:16 INFO  homepage:71 - The Auto suggestive dropdown shows:Sameer Smart
2021-05-19 18:27:16 INFO  homepage:71 - The Auto suggestive dropdown shows:Sameer
2021-05-19 18:27:19 INFO  paywallsteps:430 - Page Redirected to the  Sameer detail page
2021-05-19 18:27:22 INFO  paywallsteps:433 - Clicked on Playtrailer in studio banner
2021-05-19 18:27:23 INFO  paywallsteps:455 - Page Redirected to the  New Notification Check detail page
2021-05-19 18:27:23 INFO  paywallsteps:457 - Currently no Trailer available
2021-05-19 18:27:23 INFO  paywallsteps:459 - Step Passed
